<?xml version="1.0" encoding="UTF-8"?>
<!-- Generated by org.testng.reporters.JUnitXMLReporter -->
<testsuite hostname="MUMD1652" ignored="0" name="Test" tests="2" failures="2" timestamp="14 Jun 2019 09:49:20 GMT" time="17.359" errors="0">
  <testcase name="loadPage" time="12.201" classname="Academy.HomePage">
    <failure type="java.lang.AssertionError" message="expected [HOM] but found [HOME]">
      <![CDATA[java.lang.AssertionError: expected [HOM] but found [HOME]
	at Academy.LandingPageHelper.login(LandingPageHelper.java:31)
	at Academy.HomePage.loadPage(HomePage.java:34)
... Removed 35 stack frames]]>
    </failure>
  </testcase> <!-- loadPage -->
  <testcase name="loadPage" time="12.552" classname="Academy.HomePage">
    <failure type="java.lang.NoClassDefFoundError" message="org/apache/commons/io/FileUtils">
      <![CDATA[java.lang.NoClassDefFoundError: org/apache/commons/io/FileUtils
	at Academy.base.getScreenshot(base.java:67)
	at Academy.Listeners.onTestFailure(Listeners.java:38)
Caused by: java.lang.ClassNotFoundException: org.apache.commons.io.FileUtils
	at java.net.URLClassLoader.findClass(URLClassLoader.java:381)
	at java.lang.ClassLoader.loadClass(ClassLoader.java:424)
	at sun.misc.Launcher$AppClassLoader.loadClass(Launcher.java:338)
	at java.lang.ClassLoader.loadClass(ClassLoader.java:357)
	... 28 more
... Removed 26 stack frames]]>
    </failure>
  </testcase> <!-- loadPage -->
</testsuite> <!-- Test -->
