<?xml version="1.0" encoding="UTF-8"?>
<testng-results skipped="0" failed="0" ignored="0" total="1" passed="1">
  <reporter-output>
    <line>
      <![CDATA[The Home Page is sucessfully loaded]]>
    </line>
    <line>
      <![CDATA[The Demo Site is successfully clicked]]>
    </line>
  </reporter-output>
  <suite name="Suite" duration-ms="13001" started-at="2019-06-14T09:48:00Z" finished-at="2019-06-14T09:48:13Z">
    <groups>
    </groups>
    <test name="Test" duration-ms="13001" started-at="2019-06-14T09:48:00Z" finished-at="2019-06-14T09:48:13Z">
      <class name="Academy.HomePage">
        <test-method status="PASS" signature="basePageNavigation()[pri:0, instance:Academy.HomePage@4f209819]" name="basePageNavigation" is-config="true" duration-ms="4443" started-at="2019-06-14T15:18:00Z" finished-at="2019-06-14T15:18:04Z">
          <reporter-output>
          </reporter-output>
        </test-method> <!-- basePageNavigation -->
        <test-method status="PASS" signature="loadPage()[pri:0, instance:Academy.HomePage@4f209819]" name="loadPage" duration-ms="7655" started-at="2019-06-14T15:18:04Z" finished-at="2019-06-14T15:18:12Z">
          <reporter-output>
            <line>
              <![CDATA[The Home Page is sucessfully loaded]]>
            </line>
            <line>
              <![CDATA[The Demo Site is successfully clicked]]>
            </line>
          </reporter-output>
        </test-method> <!-- loadPage -->
        <test-method status="PASS" signature="CloseBrowser()[pri:0, instance:Academy.HomePage@4f209819]" name="CloseBrowser" is-config="true" duration-ms="892" started-at="2019-06-14T15:18:12Z" finished-at="2019-06-14T15:18:13Z">
          <reporter-output>
          </reporter-output>
        </test-method> <!-- CloseBrowser -->
      </class> <!-- Academy.HomePage -->
    </test> <!-- Test -->
  </suite> <!-- Suite -->
</testng-results>
